core   0: 0x0000000000001000 (0x00000297) auipc   t0, 0x0
core   0: 0x0000000000001004 (0x02028593) addi    a1, t0, 32
core   0: 0x0000000000001008 (0xf1402573) csrr    a0, mhartid
core   0: 0x000000000000100c (0x0182b283) ld      t0, 24(t0)
core   0: 0x0000000000001010 (0x00028067) jr      t0
core   0: >>>>  _start
core   0: 0x0000000080000000 (0x00004117) auipc   sp, 0x4
core   0: 0x0000000080000004 (0x04010113) addi    sp, sp, 64
core   0: 0x0000000080000008 (0xff017113) andi    sp, sp, -16
core   0: 0x000000008000000c (0x00000517) auipc   a0, 0x0
core   0: 0x0000000080000010 (0x03050513) addi    a0, a0, 48
core   0: 0x0000000080000014 (0x00000597) auipc   a1, 0x0
core   0: 0x0000000080000018 (0x02858593) addi    a1, a1, 40
core   0: 0x000000008000001c (0x00b57763) bgeu    a0, a1, pc + 14
core   0: 0x000000008000002a (0x00e000ef) jal     pc + 0xe
core   0: >>>>  $xrv64i2p1_m2p0_a2p1_c2p0_zmmul1p0
core   0: 0x0000000080000038 (0x00004501) c.li    a0, 0
core   0: 0x000000008000003a (0x00008082) ret
core   0: 0x000000008000002e (0x004000ef) jal     pc + 0x4
core   0: >>>>  _Exit
core   0: 0x0000000080000032 (0x10500073) wfi
